{"timestamp":"2025-09-07T10:51:00.906762Z","level":"warning","event":"Error when trying to pre-import module 'airflow.operators.python_operator' found in /home/junu6316/ml_airflow_project/airflow_home/dags/data_processing.py: No module named 'airflow.operators.python_operator'","logger":"processor"}
{"timestamp":"2025-09-07T10:51:00.921426","level":"info","event":"Filling up the DagBag from /home/junu6316/ml_airflow_project/airflow_home/dags/data_processing.py","logger":"airflow.models.dagbag.DagBag"}
{"timestamp":"2025-09-07T10:51:01.842733","level":"error","event":"Failed to import: /home/junu6316/ml_airflow_project/airflow_home/dags/data_processing.py","logger":"airflow.models.dagbag.DagBag","error_detail":[{"exc_type":"ModuleNotFoundError","exc_value":"No module named 'airflow.operators.python_operator'","exc_notes":[],"syntax_error":null,"is_cause":false,"frames":[{"filename":"/home/junu6316/ml_airflow_project/airflow_venv/lib/python3.12/site-packages/airflow/models/dagbag.py","lineno":394,"name":"parse"},{"filename":"<frozen importlib._bootstrap_external>","lineno":995,"name":"exec_module"},{"filename":"<frozen importlib._bootstrap>","lineno":488,"name":"_call_with_frames_removed"},{"filename":"/home/junu6316/ml_airflow_project/airflow_home/dags/data_processing.py","lineno":3,"name":"<module>"}],"is_group":false,"exceptions":[]}]}
{"timestamp":"2025-09-07T10:51:01.843317","level":"warning","event":"invalid escape sequence '\\d'","category":"SyntaxWarning","filename":"/home/junu6316/ml_airflow_project/airflow_home/dags/data_processing.py","lineno":7,"logger":"py.warnings"}
{"timestamp":"2025-09-07T10:51:33.064359Z","level":"warning","event":"Error when trying to pre-import module 'airflow.operators.python_operator' found in /home/junu6316/ml_airflow_project/airflow_home/dags/data_processing.py: No module named 'airflow.operators.python_operator'","logger":"processor"}
{"timestamp":"2025-09-07T10:51:33.079553","level":"info","event":"Filling up the DagBag from /home/junu6316/ml_airflow_project/airflow_home/dags/data_processing.py","logger":"airflow.models.dagbag.DagBag"}
{"timestamp":"2025-09-07T10:51:34.281890","level":"error","event":"Failed to import: /home/junu6316/ml_airflow_project/airflow_home/dags/data_processing.py","logger":"airflow.models.dagbag.DagBag","error_detail":[{"exc_type":"ModuleNotFoundError","exc_value":"No module named 'airflow.operators.python_operator'","exc_notes":[],"syntax_error":null,"is_cause":false,"frames":[{"filename":"/home/junu6316/ml_airflow_project/airflow_venv/lib/python3.12/site-packages/airflow/models/dagbag.py","lineno":394,"name":"parse"},{"filename":"<frozen importlib._bootstrap_external>","lineno":995,"name":"exec_module"},{"filename":"<frozen importlib._bootstrap>","lineno":488,"name":"_call_with_frames_removed"},{"filename":"/home/junu6316/ml_airflow_project/airflow_home/dags/data_processing.py","lineno":3,"name":"<module>"}],"is_group":false,"exceptions":[]}]}
{"timestamp":"2025-09-07T10:52:05.315234Z","level":"warning","event":"Error when trying to pre-import module 'airflow.operators.python_operator' found in /home/junu6316/ml_airflow_project/airflow_home/dags/data_processing.py: No module named 'airflow.operators.python_operator'","logger":"processor"}
{"timestamp":"2025-09-07T10:52:05.330973","level":"info","event":"Filling up the DagBag from /home/junu6316/ml_airflow_project/airflow_home/dags/data_processing.py","logger":"airflow.models.dagbag.DagBag"}
{"timestamp":"2025-09-07T10:52:06.364922","level":"error","event":"Failed to import: /home/junu6316/ml_airflow_project/airflow_home/dags/data_processing.py","logger":"airflow.models.dagbag.DagBag","error_detail":[{"exc_type":"ModuleNotFoundError","exc_value":"No module named 'airflow.operators.python_operator'","exc_notes":[],"syntax_error":null,"is_cause":false,"frames":[{"filename":"/home/junu6316/ml_airflow_project/airflow_venv/lib/python3.12/site-packages/airflow/models/dagbag.py","lineno":394,"name":"parse"},{"filename":"<frozen importlib._bootstrap_external>","lineno":995,"name":"exec_module"},{"filename":"<frozen importlib._bootstrap>","lineno":488,"name":"_call_with_frames_removed"},{"filename":"/home/junu6316/ml_airflow_project/airflow_home/dags/data_processing.py","lineno":3,"name":"<module>"}],"is_group":false,"exceptions":[]}]}
{"timestamp":"2025-09-07T10:52:37.528623Z","level":"warning","event":"Error when trying to pre-import module 'airflow.operators.python_operator' found in /home/junu6316/ml_airflow_project/airflow_home/dags/data_processing.py: No module named 'airflow.operators.python_operator'","logger":"processor"}
{"timestamp":"2025-09-07T10:52:37.541688","level":"info","event":"Filling up the DagBag from /home/junu6316/ml_airflow_project/airflow_home/dags/data_processing.py","logger":"airflow.models.dagbag.DagBag"}
{"timestamp":"2025-09-07T10:52:38.630105","level":"error","event":"Failed to import: /home/junu6316/ml_airflow_project/airflow_home/dags/data_processing.py","logger":"airflow.models.dagbag.DagBag","error_detail":[{"exc_type":"ModuleNotFoundError","exc_value":"No module named 'airflow.operators.python_operator'","exc_notes":[],"syntax_error":null,"is_cause":false,"frames":[{"filename":"/home/junu6316/ml_airflow_project/airflow_venv/lib/python3.12/site-packages/airflow/models/dagbag.py","lineno":394,"name":"parse"},{"filename":"<frozen importlib._bootstrap_external>","lineno":995,"name":"exec_module"},{"filename":"<frozen importlib._bootstrap>","lineno":488,"name":"_call_with_frames_removed"},{"filename":"/home/junu6316/ml_airflow_project/airflow_home/dags/data_processing.py","lineno":3,"name":"<module>"}],"is_group":false,"exceptions":[]}]}
{"timestamp":"2025-09-07T10:53:09.165026Z","level":"warning","event":"Error when trying to pre-import module 'airflow.operators.python_operator' found in /home/junu6316/ml_airflow_project/airflow_home/dags/data_processing.py: No module named 'airflow.operators.python_operator'","logger":"processor"}
{"timestamp":"2025-09-07T10:53:09.179687","level":"info","event":"Filling up the DagBag from /home/junu6316/ml_airflow_project/airflow_home/dags/data_processing.py","logger":"airflow.models.dagbag.DagBag"}
{"timestamp":"2025-09-07T10:53:10.192802","level":"error","event":"Failed to import: /home/junu6316/ml_airflow_project/airflow_home/dags/data_processing.py","logger":"airflow.models.dagbag.DagBag","error_detail":[{"exc_type":"ModuleNotFoundError","exc_value":"No module named 'airflow.operators.python_operator'","exc_notes":[],"syntax_error":null,"is_cause":false,"frames":[{"filename":"/home/junu6316/ml_airflow_project/airflow_venv/lib/python3.12/site-packages/airflow/models/dagbag.py","lineno":394,"name":"parse"},{"filename":"<frozen importlib._bootstrap_external>","lineno":995,"name":"exec_module"},{"filename":"<frozen importlib._bootstrap>","lineno":488,"name":"_call_with_frames_removed"},{"filename":"/home/junu6316/ml_airflow_project/airflow_home/dags/data_processing.py","lineno":3,"name":"<module>"}],"is_group":false,"exceptions":[]}]}
{"timestamp":"2025-09-07T10:53:40.899120Z","level":"warning","event":"Error when trying to pre-import module 'airflow.operators.python_operator' found in /home/junu6316/ml_airflow_project/airflow_home/dags/data_processing.py: No module named 'airflow.operators.python_operator'","logger":"processor"}
{"timestamp":"2025-09-07T10:53:40.918225","level":"info","event":"Filling up the DagBag from /home/junu6316/ml_airflow_project/airflow_home/dags/data_processing.py","logger":"airflow.models.dagbag.DagBag"}
{"timestamp":"2025-09-07T10:53:41.825198","level":"error","event":"Failed to import: /home/junu6316/ml_airflow_project/airflow_home/dags/data_processing.py","logger":"airflow.models.dagbag.DagBag","error_detail":[{"exc_type":"ModuleNotFoundError","exc_value":"No module named 'airflow.operators.python_operator'","exc_notes":[],"syntax_error":null,"is_cause":false,"frames":[{"filename":"/home/junu6316/ml_airflow_project/airflow_venv/lib/python3.12/site-packages/airflow/models/dagbag.py","lineno":394,"name":"parse"},{"filename":"<frozen importlib._bootstrap_external>","lineno":995,"name":"exec_module"},{"filename":"<frozen importlib._bootstrap>","lineno":488,"name":"_call_with_frames_removed"},{"filename":"/home/junu6316/ml_airflow_project/airflow_home/dags/data_processing.py","lineno":3,"name":"<module>"}],"is_group":false,"exceptions":[]}]}
{"timestamp":"2025-09-07T10:54:12.431402Z","level":"warning","event":"Error when trying to pre-import module 'airflow.operators.python_operator' found in /home/junu6316/ml_airflow_project/airflow_home/dags/data_processing.py: No module named 'airflow.operators.python_operator'","logger":"processor"}
{"timestamp":"2025-09-07T10:54:12.452043","level":"info","event":"Filling up the DagBag from /home/junu6316/ml_airflow_project/airflow_home/dags/data_processing.py","logger":"airflow.models.dagbag.DagBag"}
{"timestamp":"2025-09-07T10:54:13.401735","level":"error","event":"Failed to import: /home/junu6316/ml_airflow_project/airflow_home/dags/data_processing.py","logger":"airflow.models.dagbag.DagBag","error_detail":[{"exc_type":"ModuleNotFoundError","exc_value":"No module named 'airflow.operators.python_operator'","exc_notes":[],"syntax_error":null,"is_cause":false,"frames":[{"filename":"/home/junu6316/ml_airflow_project/airflow_venv/lib/python3.12/site-packages/airflow/models/dagbag.py","lineno":394,"name":"parse"},{"filename":"<frozen importlib._bootstrap_external>","lineno":995,"name":"exec_module"},{"filename":"<frozen importlib._bootstrap>","lineno":488,"name":"_call_with_frames_removed"},{"filename":"/home/junu6316/ml_airflow_project/airflow_home/dags/data_processing.py","lineno":3,"name":"<module>"}],"is_group":false,"exceptions":[]}]}
{"timestamp":"2025-09-07T10:54:44.029582Z","level":"warning","event":"Error when trying to pre-import module 'airflow.operators.python_operator' found in /home/junu6316/ml_airflow_project/airflow_home/dags/data_processing.py: No module named 'airflow.operators.python_operator'","logger":"processor"}
{"timestamp":"2025-09-07T10:54:44.045573","level":"info","event":"Filling up the DagBag from /home/junu6316/ml_airflow_project/airflow_home/dags/data_processing.py","logger":"airflow.models.dagbag.DagBag"}
{"timestamp":"2025-09-07T10:54:44.902651","level":"error","event":"Failed to import: /home/junu6316/ml_airflow_project/airflow_home/dags/data_processing.py","logger":"airflow.models.dagbag.DagBag","error_detail":[{"exc_type":"ModuleNotFoundError","exc_value":"No module named 'airflow.operators.python_operator'","exc_notes":[],"syntax_error":null,"is_cause":false,"frames":[{"filename":"/home/junu6316/ml_airflow_project/airflow_venv/lib/python3.12/site-packages/airflow/models/dagbag.py","lineno":394,"name":"parse"},{"filename":"<frozen importlib._bootstrap_external>","lineno":995,"name":"exec_module"},{"filename":"<frozen importlib._bootstrap>","lineno":488,"name":"_call_with_frames_removed"},{"filename":"/home/junu6316/ml_airflow_project/airflow_home/dags/data_processing.py","lineno":3,"name":"<module>"}],"is_group":false,"exceptions":[]}]}
{"timestamp":"2025-09-07T10:55:15.364256Z","level":"warning","event":"Error when trying to pre-import module 'airflow.operators.python_operator' found in /home/junu6316/ml_airflow_project/airflow_home/dags/data_processing.py: No module named 'airflow.operators.python_operator'","logger":"processor"}
{"timestamp":"2025-09-07T10:55:15.378320","level":"info","event":"Filling up the DagBag from /home/junu6316/ml_airflow_project/airflow_home/dags/data_processing.py","logger":"airflow.models.dagbag.DagBag"}
{"timestamp":"2025-09-07T10:55:16.239323","level":"error","event":"Failed to import: /home/junu6316/ml_airflow_project/airflow_home/dags/data_processing.py","logger":"airflow.models.dagbag.DagBag","error_detail":[{"exc_type":"ModuleNotFoundError","exc_value":"No module named 'airflow.operators.python_operator'","exc_notes":[],"syntax_error":null,"is_cause":false,"frames":[{"filename":"/home/junu6316/ml_airflow_project/airflow_venv/lib/python3.12/site-packages/airflow/models/dagbag.py","lineno":394,"name":"parse"},{"filename":"<frozen importlib._bootstrap_external>","lineno":995,"name":"exec_module"},{"filename":"<frozen importlib._bootstrap>","lineno":488,"name":"_call_with_frames_removed"},{"filename":"/home/junu6316/ml_airflow_project/airflow_home/dags/data_processing.py","lineno":3,"name":"<module>"}],"is_group":false,"exceptions":[]}]}
{"timestamp":"2025-09-07T10:55:46.779486Z","level":"warning","event":"Error when trying to pre-import module 'airflow.operators.python_operator' found in /home/junu6316/ml_airflow_project/airflow_home/dags/data_processing.py: No module named 'airflow.operators.python_operator'","logger":"processor"}
{"timestamp":"2025-09-07T10:55:46.794048","level":"info","event":"Filling up the DagBag from /home/junu6316/ml_airflow_project/airflow_home/dags/data_processing.py","logger":"airflow.models.dagbag.DagBag"}
{"timestamp":"2025-09-07T10:55:47.638962","level":"error","event":"Failed to import: /home/junu6316/ml_airflow_project/airflow_home/dags/data_processing.py","logger":"airflow.models.dagbag.DagBag","error_detail":[{"exc_type":"ModuleNotFoundError","exc_value":"No module named 'airflow.operators.python_operator'","exc_notes":[],"syntax_error":null,"is_cause":false,"frames":[{"filename":"/home/junu6316/ml_airflow_project/airflow_venv/lib/python3.12/site-packages/airflow/models/dagbag.py","lineno":394,"name":"parse"},{"filename":"<frozen importlib._bootstrap_external>","lineno":995,"name":"exec_module"},{"filename":"<frozen importlib._bootstrap>","lineno":488,"name":"_call_with_frames_removed"},{"filename":"/home/junu6316/ml_airflow_project/airflow_home/dags/data_processing.py","lineno":3,"name":"<module>"}],"is_group":false,"exceptions":[]}]}
{"timestamp":"2025-09-07T10:56:18.177444Z","level":"warning","event":"Error when trying to pre-import module 'airflow.operators.python_operator' found in /home/junu6316/ml_airflow_project/airflow_home/dags/data_processing.py: No module named 'airflow.operators.python_operator'","logger":"processor"}
{"timestamp":"2025-09-07T10:56:18.193029","level":"info","event":"Filling up the DagBag from /home/junu6316/ml_airflow_project/airflow_home/dags/data_processing.py","logger":"airflow.models.dagbag.DagBag"}
{"timestamp":"2025-09-07T10:56:19.100932","level":"error","event":"Failed to import: /home/junu6316/ml_airflow_project/airflow_home/dags/data_processing.py","logger":"airflow.models.dagbag.DagBag","error_detail":[{"exc_type":"ModuleNotFoundError","exc_value":"No module named 'airflow.operators.python_operator'","exc_notes":[],"syntax_error":null,"is_cause":false,"frames":[{"filename":"/home/junu6316/ml_airflow_project/airflow_venv/lib/python3.12/site-packages/airflow/models/dagbag.py","lineno":394,"name":"parse"},{"filename":"<frozen importlib._bootstrap_external>","lineno":995,"name":"exec_module"},{"filename":"<frozen importlib._bootstrap>","lineno":488,"name":"_call_with_frames_removed"},{"filename":"/home/junu6316/ml_airflow_project/airflow_home/dags/data_processing.py","lineno":3,"name":"<module>"}],"is_group":false,"exceptions":[]}]}
{"timestamp":"2025-09-07T10:56:49.847181Z","level":"warning","event":"Error when trying to pre-import module 'airflow.operators.python_operator' found in /home/junu6316/ml_airflow_project/airflow_home/dags/data_processing.py: No module named 'airflow.operators.python_operator'","logger":"processor"}
{"timestamp":"2025-09-07T10:56:49.864651","level":"info","event":"Filling up the DagBag from /home/junu6316/ml_airflow_project/airflow_home/dags/data_processing.py","logger":"airflow.models.dagbag.DagBag"}
{"timestamp":"2025-09-07T10:56:51.015237","level":"error","event":"Failed to import: /home/junu6316/ml_airflow_project/airflow_home/dags/data_processing.py","logger":"airflow.models.dagbag.DagBag","error_detail":[{"exc_type":"ModuleNotFoundError","exc_value":"No module named 'airflow.operators.python_operator'","exc_notes":[],"syntax_error":null,"is_cause":false,"frames":[{"filename":"/home/junu6316/ml_airflow_project/airflow_venv/lib/python3.12/site-packages/airflow/models/dagbag.py","lineno":394,"name":"parse"},{"filename":"<frozen importlib._bootstrap_external>","lineno":995,"name":"exec_module"},{"filename":"<frozen importlib._bootstrap>","lineno":488,"name":"_call_with_frames_removed"},{"filename":"/home/junu6316/ml_airflow_project/airflow_home/dags/data_processing.py","lineno":3,"name":"<module>"}],"is_group":false,"exceptions":[]}]}
{"timestamp":"2025-09-07T10:57:21.646102Z","level":"warning","event":"Error when trying to pre-import module 'airflow.operators.python_operator' found in /home/junu6316/ml_airflow_project/airflow_home/dags/data_processing.py: No module named 'airflow.operators.python_operator'","logger":"processor"}
{"timestamp":"2025-09-07T10:57:21.662363","level":"info","event":"Filling up the DagBag from /home/junu6316/ml_airflow_project/airflow_home/dags/data_processing.py","logger":"airflow.models.dagbag.DagBag"}
{"timestamp":"2025-09-07T10:57:22.587022","level":"error","event":"Failed to import: /home/junu6316/ml_airflow_project/airflow_home/dags/data_processing.py","logger":"airflow.models.dagbag.DagBag","error_detail":[{"exc_type":"ModuleNotFoundError","exc_value":"No module named 'airflow.operators.python_operator'","exc_notes":[],"syntax_error":null,"is_cause":false,"frames":[{"filename":"/home/junu6316/ml_airflow_project/airflow_venv/lib/python3.12/site-packages/airflow/models/dagbag.py","lineno":394,"name":"parse"},{"filename":"<frozen importlib._bootstrap_external>","lineno":995,"name":"exec_module"},{"filename":"<frozen importlib._bootstrap>","lineno":488,"name":"_call_with_frames_removed"},{"filename":"/home/junu6316/ml_airflow_project/airflow_home/dags/data_processing.py","lineno":3,"name":"<module>"}],"is_group":false,"exceptions":[]}]}
{"timestamp":"2025-09-07T10:57:53.181874Z","level":"warning","event":"Error when trying to pre-import module 'airflow.operators.python_operator' found in /home/junu6316/ml_airflow_project/airflow_home/dags/data_processing.py: No module named 'airflow.operators.python_operator'","logger":"processor"}
{"timestamp":"2025-09-07T10:57:53.196323","level":"info","event":"Filling up the DagBag from /home/junu6316/ml_airflow_project/airflow_home/dags/data_processing.py","logger":"airflow.models.dagbag.DagBag"}
{"timestamp":"2025-09-07T10:57:54.076549","level":"error","event":"Failed to import: /home/junu6316/ml_airflow_project/airflow_home/dags/data_processing.py","logger":"airflow.models.dagbag.DagBag","error_detail":[{"exc_type":"ModuleNotFoundError","exc_value":"No module named 'airflow.operators.python_operator'","exc_notes":[],"syntax_error":null,"is_cause":false,"frames":[{"filename":"/home/junu6316/ml_airflow_project/airflow_venv/lib/python3.12/site-packages/airflow/models/dagbag.py","lineno":394,"name":"parse"},{"filename":"<frozen importlib._bootstrap_external>","lineno":995,"name":"exec_module"},{"filename":"<frozen importlib._bootstrap>","lineno":488,"name":"_call_with_frames_removed"},{"filename":"/home/junu6316/ml_airflow_project/airflow_home/dags/data_processing.py","lineno":3,"name":"<module>"}],"is_group":false,"exceptions":[]}]}
{"timestamp":"2025-09-07T10:58:24.852007Z","level":"warning","event":"Error when trying to pre-import module 'airflow.operators.python_operator' found in /home/junu6316/ml_airflow_project/airflow_home/dags/data_processing.py: No module named 'airflow.operators.python_operator'","logger":"processor"}
{"timestamp":"2025-09-07T10:58:24.867319","level":"info","event":"Filling up the DagBag from /home/junu6316/ml_airflow_project/airflow_home/dags/data_processing.py","logger":"airflow.models.dagbag.DagBag"}
{"timestamp":"2025-09-07T10:58:25.853351","level":"error","event":"Failed to import: /home/junu6316/ml_airflow_project/airflow_home/dags/data_processing.py","logger":"airflow.models.dagbag.DagBag","error_detail":[{"exc_type":"ModuleNotFoundError","exc_value":"No module named 'airflow.operators.python_operator'","exc_notes":[],"syntax_error":null,"is_cause":false,"frames":[{"filename":"/home/junu6316/ml_airflow_project/airflow_venv/lib/python3.12/site-packages/airflow/models/dagbag.py","lineno":394,"name":"parse"},{"filename":"<frozen importlib._bootstrap_external>","lineno":995,"name":"exec_module"},{"filename":"<frozen importlib._bootstrap>","lineno":488,"name":"_call_with_frames_removed"},{"filename":"/home/junu6316/ml_airflow_project/airflow_home/dags/data_processing.py","lineno":3,"name":"<module>"}],"is_group":false,"exceptions":[]}]}
{"timestamp":"2025-09-07T10:58:30.948672","level":"info","event":"Filling up the DagBag from /home/junu6316/ml_airflow_project/airflow_home/dags/data_processing.py","logger":"airflow.models.dagbag.DagBag"}
{"timestamp":"2025-09-07T10:58:59.299034","level":"info","event":"Filling up the DagBag from /home/junu6316/ml_airflow_project/airflow_home/dags/data_processing.py","logger":"airflow.models.dagbag.DagBag"}
{"timestamp":"2025-09-07T10:59:30.500750","level":"info","event":"Filling up the DagBag from /home/junu6316/ml_airflow_project/airflow_home/dags/data_processing.py","logger":"airflow.models.dagbag.DagBag"}
{"timestamp":"2025-09-07T11:00:02.178148","level":"info","event":"Filling up the DagBag from /home/junu6316/ml_airflow_project/airflow_home/dags/data_processing.py","logger":"airflow.models.dagbag.DagBag"}
{"timestamp":"2025-09-07T11:02:05.017677","level":"info","event":"Filling up the DagBag from /home/junu6316/ml_airflow_project/airflow_home/dags/data_processing.py","logger":"airflow.models.dagbag.DagBag"}
{"timestamp":"2025-09-07T11:02:36.749647","level":"info","event":"Filling up the DagBag from /home/junu6316/ml_airflow_project/airflow_home/dags/data_processing.py","logger":"airflow.models.dagbag.DagBag"}
{"timestamp":"2025-09-07T11:03:08.661808","level":"info","event":"Filling up the DagBag from /home/junu6316/ml_airflow_project/airflow_home/dags/data_processing.py","logger":"airflow.models.dagbag.DagBag"}
{"timestamp":"2025-09-07T11:03:40.372546","level":"info","event":"Filling up the DagBag from /home/junu6316/ml_airflow_project/airflow_home/dags/data_processing.py","logger":"airflow.models.dagbag.DagBag"}
{"timestamp":"2025-09-07T11:04:12.113288","level":"info","event":"Filling up the DagBag from /home/junu6316/ml_airflow_project/airflow_home/dags/data_processing.py","logger":"airflow.models.dagbag.DagBag"}
{"timestamp":"2025-09-07T11:04:43.765943","level":"info","event":"Filling up the DagBag from /home/junu6316/ml_airflow_project/airflow_home/dags/data_processing.py","logger":"airflow.models.dagbag.DagBag"}
{"timestamp":"2025-09-07T11:05:06.901376","level":"info","event":"Filling up the DagBag from /home/junu6316/ml_airflow_project/airflow_home/dags/data_processing.py","logger":"airflow.models.dagbag.DagBag"}
{"timestamp":"2025-09-07T11:05:38.598752","level":"info","event":"Filling up the DagBag from /home/junu6316/ml_airflow_project/airflow_home/dags/data_processing.py","logger":"airflow.models.dagbag.DagBag"}
{"timestamp":"2025-09-07T11:06:10.224570","level":"info","event":"Filling up the DagBag from /home/junu6316/ml_airflow_project/airflow_home/dags/data_processing.py","logger":"airflow.models.dagbag.DagBag"}
{"timestamp":"2025-09-07T11:06:41.762080","level":"info","event":"Filling up the DagBag from /home/junu6316/ml_airflow_project/airflow_home/dags/data_processing.py","logger":"airflow.models.dagbag.DagBag"}
{"timestamp":"2025-09-07T11:07:13.353097","level":"info","event":"Filling up the DagBag from /home/junu6316/ml_airflow_project/airflow_home/dags/data_processing.py","logger":"airflow.models.dagbag.DagBag"}
{"timestamp":"2025-09-07T11:07:44.827478","level":"info","event":"Filling up the DagBag from /home/junu6316/ml_airflow_project/airflow_home/dags/data_processing.py","logger":"airflow.models.dagbag.DagBag"}
{"timestamp":"2025-09-07T11:07:55.784950","level":"info","event":"Filling up the DagBag from /home/junu6316/ml_airflow_project/airflow_home/dags/data_processing.py","logger":"airflow.models.dagbag.DagBag"}
{"timestamp":"2025-09-07T11:07:56.899891","level":"warning","event":"invalid escape sequence '\\d'","category":"SyntaxWarning","filename":"/home/junu6316/ml_airflow_project/airflow_home/dags/data_processing.py","lineno":7,"logger":"py.warnings"}
{"timestamp":"2025-09-07T11:08:27.372433","level":"info","event":"Filling up the DagBag from /home/junu6316/ml_airflow_project/airflow_home/dags/data_processing.py","logger":"airflow.models.dagbag.DagBag"}
{"timestamp":"2025-09-07T11:08:58.974091","level":"info","event":"Filling up the DagBag from /home/junu6316/ml_airflow_project/airflow_home/dags/data_processing.py","logger":"airflow.models.dagbag.DagBag"}
{"timestamp":"2025-09-07T11:09:30.537901","level":"info","event":"Filling up the DagBag from /home/junu6316/ml_airflow_project/airflow_home/dags/data_processing.py","logger":"airflow.models.dagbag.DagBag"}
{"timestamp":"2025-09-07T11:10:02.231048","level":"info","event":"Filling up the DagBag from /home/junu6316/ml_airflow_project/airflow_home/dags/data_processing.py","logger":"airflow.models.dagbag.DagBag"}
{"timestamp":"2025-09-07T11:10:04.463645","level":"info","event":"Filling up the DagBag from /home/junu6316/ml_airflow_project/airflow_home/dags/data_processing.py","logger":"airflow.models.dagbag.DagBag"}
{"timestamp":"2025-09-07T11:10:36.218316","level":"info","event":"Filling up the DagBag from /home/junu6316/ml_airflow_project/airflow_home/dags/data_processing.py","logger":"airflow.models.dagbag.DagBag"}
{"timestamp":"2025-09-07T11:11:07.792851","level":"info","event":"Filling up the DagBag from /home/junu6316/ml_airflow_project/airflow_home/dags/data_processing.py","logger":"airflow.models.dagbag.DagBag"}
{"timestamp":"2025-09-07T11:11:40.274573","level":"info","event":"Filling up the DagBag from /home/junu6316/ml_airflow_project/airflow_home/dags/data_processing.py","logger":"airflow.models.dagbag.DagBag"}
{"timestamp":"2025-09-07T11:12:12.386538","level":"info","event":"Filling up the DagBag from /home/junu6316/ml_airflow_project/airflow_home/dags/data_processing.py","logger":"airflow.models.dagbag.DagBag"}
{"timestamp":"2025-09-07T11:12:44.155537","level":"info","event":"Filling up the DagBag from /home/junu6316/ml_airflow_project/airflow_home/dags/data_processing.py","logger":"airflow.models.dagbag.DagBag"}
{"timestamp":"2025-09-07T11:13:10.477742","level":"info","event":"Filling up the DagBag from /home/junu6316/ml_airflow_project/airflow_home/dags/data_processing.py","logger":"airflow.models.dagbag.DagBag"}
{"timestamp":"2025-09-07T11:13:38.953110","level":"info","event":"Filling up the DagBag from /home/junu6316/ml_airflow_project/airflow_home/dags/data_processing.py","logger":"airflow.models.dagbag.DagBag"}
{"timestamp":"2025-09-07T11:14:10.425647","level":"info","event":"Filling up the DagBag from /home/junu6316/ml_airflow_project/airflow_home/dags/data_processing.py","logger":"airflow.models.dagbag.DagBag"}
{"timestamp":"2025-09-07T11:14:21.688659","level":"info","event":"Filling up the DagBag from /home/junu6316/ml_airflow_project/airflow_home/dags/data_processing.py","logger":"airflow.models.dagbag.DagBag"}
{"timestamp":"2025-09-07T11:14:52.908091","level":"info","event":"Filling up the DagBag from /home/junu6316/ml_airflow_project/airflow_home/dags/data_processing.py","logger":"airflow.models.dagbag.DagBag"}
{"timestamp":"2025-09-07T11:15:24.691704","level":"info","event":"Filling up the DagBag from /home/junu6316/ml_airflow_project/airflow_home/dags/data_processing.py","logger":"airflow.models.dagbag.DagBag"}
{"timestamp":"2025-09-07T11:15:55.792527","level":"info","event":"Filling up the DagBag from /home/junu6316/ml_airflow_project/airflow_home/dags/data_processing.py","logger":"airflow.models.dagbag.DagBag"}
{"timestamp":"2025-09-07T11:16:27.334115","level":"info","event":"Filling up the DagBag from /home/junu6316/ml_airflow_project/airflow_home/dags/data_processing.py","logger":"airflow.models.dagbag.DagBag"}
{"timestamp":"2025-09-07T11:16:58.655433","level":"info","event":"Filling up the DagBag from /home/junu6316/ml_airflow_project/airflow_home/dags/data_processing.py","logger":"airflow.models.dagbag.DagBag"}
{"timestamp":"2025-09-07T11:17:25.276432","level":"info","event":"Filling up the DagBag from /home/junu6316/ml_airflow_project/airflow_home/dags/data_processing.py","logger":"airflow.models.dagbag.DagBag"}
{"timestamp":"2025-09-07T11:17:57.316680","level":"info","event":"Filling up the DagBag from /home/junu6316/ml_airflow_project/airflow_home/dags/data_processing.py","logger":"airflow.models.dagbag.DagBag"}
{"timestamp":"2025-09-07T11:18:05.723508","level":"info","event":"Filling up the DagBag from /home/junu6316/ml_airflow_project/airflow_home/dags/data_processing.py","logger":"airflow.models.dagbag.DagBag"}
{"timestamp":"2025-09-07T11:18:07.910288","level":"info","event":"Filling up the DagBag from /home/junu6316/ml_airflow_project/airflow_home/dags/data_processing.py","logger":"airflow.models.dagbag.DagBag"}
{"timestamp":"2025-09-07T11:18:27.557075","level":"info","event":"Filling up the DagBag from /home/junu6316/ml_airflow_project/airflow_home/dags/data_processing.py","logger":"airflow.models.dagbag.DagBag"}
{"timestamp":"2025-09-07T11:18:58.827106","level":"info","event":"Filling up the DagBag from /home/junu6316/ml_airflow_project/airflow_home/dags/data_processing.py","logger":"airflow.models.dagbag.DagBag"}
{"timestamp":"2025-09-07T11:20:23.113942","level":"info","event":"Filling up the DagBag from /home/junu6316/ml_airflow_project/airflow_home/dags/data_processing.py","logger":"airflow.models.dagbag.DagBag"}
{"timestamp":"2025-09-07T11:20:55.072602","level":"info","event":"Filling up the DagBag from /home/junu6316/ml_airflow_project/airflow_home/dags/data_processing.py","logger":"airflow.models.dagbag.DagBag"}
{"timestamp":"2025-09-07T11:21:27.041762","level":"info","event":"Filling up the DagBag from /home/junu6316/ml_airflow_project/airflow_home/dags/data_processing.py","logger":"airflow.models.dagbag.DagBag"}
{"timestamp":"2025-09-07T11:21:59.130646","level":"info","event":"Filling up the DagBag from /home/junu6316/ml_airflow_project/airflow_home/dags/data_processing.py","logger":"airflow.models.dagbag.DagBag"}
{"timestamp":"2025-09-07T11:22:31.415547","level":"info","event":"Filling up the DagBag from /home/junu6316/ml_airflow_project/airflow_home/dags/data_processing.py","logger":"airflow.models.dagbag.DagBag"}
{"timestamp":"2025-09-07T11:23:03.219507","level":"info","event":"Filling up the DagBag from /home/junu6316/ml_airflow_project/airflow_home/dags/data_processing.py","logger":"airflow.models.dagbag.DagBag"}
{"timestamp":"2025-09-07T11:23:35.118034","level":"info","event":"Filling up the DagBag from /home/junu6316/ml_airflow_project/airflow_home/dags/data_processing.py","logger":"airflow.models.dagbag.DagBag"}
{"timestamp":"2025-09-07T11:24:06.362854","level":"info","event":"Filling up the DagBag from /home/junu6316/ml_airflow_project/airflow_home/dags/data_processing.py","logger":"airflow.models.dagbag.DagBag"}
{"timestamp":"2025-09-07T11:24:37.879548","level":"info","event":"Filling up the DagBag from /home/junu6316/ml_airflow_project/airflow_home/dags/data_processing.py","logger":"airflow.models.dagbag.DagBag"}
{"timestamp":"2025-09-07T11:25:08.866708","level":"info","event":"Filling up the DagBag from /home/junu6316/ml_airflow_project/airflow_home/dags/data_processing.py","logger":"airflow.models.dagbag.DagBag"}
{"timestamp":"2025-09-07T11:25:13.919890","level":"info","event":"Filling up the DagBag from /home/junu6316/ml_airflow_project/airflow_home/dags/data_processing.py","logger":"airflow.models.dagbag.DagBag"}
{"timestamp":"2025-09-07T11:25:39.286703","level":"info","event":"Filling up the DagBag from /home/junu6316/ml_airflow_project/airflow_home/dags/data_processing.py","logger":"airflow.models.dagbag.DagBag"}
{"timestamp":"2025-09-07T11:25:41.237354","level":"info","event":"Filling up the DagBag from /home/junu6316/ml_airflow_project/airflow_home/dags/data_processing.py","logger":"airflow.models.dagbag.DagBag"}
{"timestamp":"2025-09-07T11:26:33.387601","level":"info","event":"Filling up the DagBag from /home/junu6316/ml_airflow_project/airflow_home/dags/data_processing.py","logger":"airflow.models.dagbag.DagBag"}
{"timestamp":"2025-09-07T11:27:04.484863","level":"info","event":"Filling up the DagBag from /home/junu6316/ml_airflow_project/airflow_home/dags/data_processing.py","logger":"airflow.models.dagbag.DagBag"}
{"timestamp":"2025-09-07T11:27:36.406931","level":"info","event":"Filling up the DagBag from /home/junu6316/ml_airflow_project/airflow_home/dags/data_processing.py","logger":"airflow.models.dagbag.DagBag"}
{"timestamp":"2025-09-07T11:28:08.299085","level":"info","event":"Filling up the DagBag from /home/junu6316/ml_airflow_project/airflow_home/dags/data_processing.py","logger":"airflow.models.dagbag.DagBag"}
{"timestamp":"2025-09-07T11:28:39.887072","level":"info","event":"Filling up the DagBag from /home/junu6316/ml_airflow_project/airflow_home/dags/data_processing.py","logger":"airflow.models.dagbag.DagBag"}
{"timestamp":"2025-09-07T11:29:11.251429","level":"info","event":"Filling up the DagBag from /home/junu6316/ml_airflow_project/airflow_home/dags/data_processing.py","logger":"airflow.models.dagbag.DagBag"}
{"timestamp":"2025-09-07T11:29:42.697417","level":"info","event":"Filling up the DagBag from /home/junu6316/ml_airflow_project/airflow_home/dags/data_processing.py","logger":"airflow.models.dagbag.DagBag"}
{"timestamp":"2025-09-07T11:30:14.114304","level":"info","event":"Filling up the DagBag from /home/junu6316/ml_airflow_project/airflow_home/dags/data_processing.py","logger":"airflow.models.dagbag.DagBag"}
{"timestamp":"2025-09-07T11:30:45.715499","level":"info","event":"Filling up the DagBag from /home/junu6316/ml_airflow_project/airflow_home/dags/data_processing.py","logger":"airflow.models.dagbag.DagBag"}
{"timestamp":"2025-09-07T11:31:17.369289","level":"info","event":"Filling up the DagBag from /home/junu6316/ml_airflow_project/airflow_home/dags/data_processing.py","logger":"airflow.models.dagbag.DagBag"}
{"timestamp":"2025-09-07T11:31:48.875614","level":"info","event":"Filling up the DagBag from /home/junu6316/ml_airflow_project/airflow_home/dags/data_processing.py","logger":"airflow.models.dagbag.DagBag"}
{"timestamp":"2025-09-07T11:32:20.181060","level":"info","event":"Filling up the DagBag from /home/junu6316/ml_airflow_project/airflow_home/dags/data_processing.py","logger":"airflow.models.dagbag.DagBag"}
{"timestamp":"2025-09-07T11:32:51.687817","level":"info","event":"Filling up the DagBag from /home/junu6316/ml_airflow_project/airflow_home/dags/data_processing.py","logger":"airflow.models.dagbag.DagBag"}
{"timestamp":"2025-09-07T11:33:23.088526","level":"info","event":"Filling up the DagBag from /home/junu6316/ml_airflow_project/airflow_home/dags/data_processing.py","logger":"airflow.models.dagbag.DagBag"}
{"timestamp":"2025-09-07T11:33:54.446951","level":"info","event":"Filling up the DagBag from /home/junu6316/ml_airflow_project/airflow_home/dags/data_processing.py","logger":"airflow.models.dagbag.DagBag"}
{"timestamp":"2025-09-07T11:34:25.789896","level":"info","event":"Filling up the DagBag from /home/junu6316/ml_airflow_project/airflow_home/dags/data_processing.py","logger":"airflow.models.dagbag.DagBag"}
{"timestamp":"2025-09-07T11:34:57.421469","level":"info","event":"Filling up the DagBag from /home/junu6316/ml_airflow_project/airflow_home/dags/data_processing.py","logger":"airflow.models.dagbag.DagBag"}
{"timestamp":"2025-09-07T11:35:29.188949","level":"info","event":"Filling up the DagBag from /home/junu6316/ml_airflow_project/airflow_home/dags/data_processing.py","logger":"airflow.models.dagbag.DagBag"}
{"timestamp":"2025-09-07T11:36:00.699838","level":"info","event":"Filling up the DagBag from /home/junu6316/ml_airflow_project/airflow_home/dags/data_processing.py","logger":"airflow.models.dagbag.DagBag"}
{"timestamp":"2025-09-07T11:36:32.159926","level":"info","event":"Filling up the DagBag from /home/junu6316/ml_airflow_project/airflow_home/dags/data_processing.py","logger":"airflow.models.dagbag.DagBag"}
{"timestamp":"2025-09-07T11:37:03.684682","level":"info","event":"Filling up the DagBag from /home/junu6316/ml_airflow_project/airflow_home/dags/data_processing.py","logger":"airflow.models.dagbag.DagBag"}
{"timestamp":"2025-09-07T11:37:34.973219","level":"info","event":"Filling up the DagBag from /home/junu6316/ml_airflow_project/airflow_home/dags/data_processing.py","logger":"airflow.models.dagbag.DagBag"}
{"timestamp":"2025-09-07T11:38:06.867491","level":"info","event":"Filling up the DagBag from /home/junu6316/ml_airflow_project/airflow_home/dags/data_processing.py","logger":"airflow.models.dagbag.DagBag"}
{"timestamp":"2025-09-07T11:38:38.743845","level":"info","event":"Filling up the DagBag from /home/junu6316/ml_airflow_project/airflow_home/dags/data_processing.py","logger":"airflow.models.dagbag.DagBag"}
{"timestamp":"2025-09-07T11:38:41.105273","level":"info","event":"Filling up the DagBag from /home/junu6316/ml_airflow_project/airflow_home/dags/data_processing.py","logger":"airflow.models.dagbag.DagBag"}
{"timestamp":"2025-09-07T11:38:41.106193","level":"info","event":"File /home/junu6316/ml_airflow_project/airflow_home/dags/data_processing.py assumed to contain no DAGs. Skipping.","logger":"airflow.models.dagbag.DagBag"}
{"timestamp":"2025-09-07T11:39:11.992151","level":"info","event":"Filling up the DagBag from /home/junu6316/ml_airflow_project/airflow_home/dags/data_processing.py","logger":"airflow.models.dagbag.DagBag"}
{"timestamp":"2025-09-07T11:39:11.992757","level":"info","event":"File /home/junu6316/ml_airflow_project/airflow_home/dags/data_processing.py assumed to contain no DAGs. Skipping.","logger":"airflow.models.dagbag.DagBag"}
{"timestamp":"2025-09-07T11:39:42.597005","level":"info","event":"Filling up the DagBag from /home/junu6316/ml_airflow_project/airflow_home/dags/data_processing.py","logger":"airflow.models.dagbag.DagBag"}
{"timestamp":"2025-09-07T11:39:42.597978","level":"info","event":"File /home/junu6316/ml_airflow_project/airflow_home/dags/data_processing.py assumed to contain no DAGs. Skipping.","logger":"airflow.models.dagbag.DagBag"}
{"timestamp":"2025-09-07T11:40:13.211394","level":"info","event":"Filling up the DagBag from /home/junu6316/ml_airflow_project/airflow_home/dags/data_processing.py","logger":"airflow.models.dagbag.DagBag"}
{"timestamp":"2025-09-07T11:40:13.212015","level":"info","event":"File /home/junu6316/ml_airflow_project/airflow_home/dags/data_processing.py assumed to contain no DAGs. Skipping.","logger":"airflow.models.dagbag.DagBag"}
{"timestamp":"2025-09-07T11:40:43.721773","level":"info","event":"Filling up the DagBag from /home/junu6316/ml_airflow_project/airflow_home/dags/data_processing.py","logger":"airflow.models.dagbag.DagBag"}
{"timestamp":"2025-09-07T11:40:43.722414","level":"info","event":"File /home/junu6316/ml_airflow_project/airflow_home/dags/data_processing.py assumed to contain no DAGs. Skipping.","logger":"airflow.models.dagbag.DagBag"}
{"timestamp":"2025-09-07T11:41:14.463041","level":"info","event":"Filling up the DagBag from /home/junu6316/ml_airflow_project/airflow_home/dags/data_processing.py","logger":"airflow.models.dagbag.DagBag"}
{"timestamp":"2025-09-07T11:41:14.463530","level":"info","event":"File /home/junu6316/ml_airflow_project/airflow_home/dags/data_processing.py assumed to contain no DAGs. Skipping.","logger":"airflow.models.dagbag.DagBag"}
