{"timestamp":"2025-09-07T10:50:59.369319Z","level":"warning","event":"Error when trying to pre-import module 'airflow.operators.python_operator' found in /home/junu6316/ml_airflow_project/airflow_home/dags/model_training.py: No module named 'airflow.operators.python_operator'","logger":"processor"}
{"timestamp":"2025-09-07T10:50:59.388181","level":"info","event":"Filling up the DagBag from /home/junu6316/ml_airflow_project/airflow_home/dags/model_training.py","logger":"airflow.models.dagbag.DagBag"}
{"timestamp":"2025-09-07T10:51:01.118050","level":"error","event":"Failed to import: /home/junu6316/ml_airflow_project/airflow_home/dags/model_training.py","logger":"airflow.models.dagbag.DagBag","error_detail":[{"exc_type":"ModuleNotFoundError","exc_value":"No module named 'airflow.operators.python_operator'","exc_notes":[],"syntax_error":null,"is_cause":false,"frames":[{"filename":"/home/junu6316/ml_airflow_project/airflow_venv/lib/python3.12/site-packages/airflow/models/dagbag.py","lineno":394,"name":"parse"},{"filename":"<frozen importlib._bootstrap_external>","lineno":995,"name":"exec_module"},{"filename":"<frozen importlib._bootstrap>","lineno":488,"name":"_call_with_frames_removed"},{"filename":"/home/junu6316/ml_airflow_project/airflow_home/dags/model_training.py","lineno":5,"name":"<module>"}],"is_group":false,"exceptions":[]}]}
{"timestamp":"2025-09-07T10:51:01.118747","level":"warning","event":"invalid escape sequence '\\d'","category":"SyntaxWarning","filename":"/home/junu6316/ml_airflow_project/airflow_home/dags/model_training.py","lineno":10,"logger":"py.warnings"}
{"timestamp":"2025-09-07T10:51:01.118840","level":"warning","event":"invalid escape sequence '\\d'","category":"SyntaxWarning","filename":"/home/junu6316/ml_airflow_project/airflow_home/dags/model_training.py","lineno":28,"logger":"py.warnings"}
{"timestamp":"2025-09-07T10:51:31.583468Z","level":"warning","event":"Error when trying to pre-import module 'airflow.operators.python_operator' found in /home/junu6316/ml_airflow_project/airflow_home/dags/model_training.py: No module named 'airflow.operators.python_operator'","logger":"processor"}
{"timestamp":"2025-09-07T10:51:31.602944","level":"info","event":"Filling up the DagBag from /home/junu6316/ml_airflow_project/airflow_home/dags/model_training.py","logger":"airflow.models.dagbag.DagBag"}
{"timestamp":"2025-09-07T10:51:33.088527","level":"error","event":"Failed to import: /home/junu6316/ml_airflow_project/airflow_home/dags/model_training.py","logger":"airflow.models.dagbag.DagBag","error_detail":[{"exc_type":"ModuleNotFoundError","exc_value":"No module named 'airflow.operators.python_operator'","exc_notes":[],"syntax_error":null,"is_cause":false,"frames":[{"filename":"/home/junu6316/ml_airflow_project/airflow_venv/lib/python3.12/site-packages/airflow/models/dagbag.py","lineno":394,"name":"parse"},{"filename":"<frozen importlib._bootstrap_external>","lineno":995,"name":"exec_module"},{"filename":"<frozen importlib._bootstrap>","lineno":488,"name":"_call_with_frames_removed"},{"filename":"/home/junu6316/ml_airflow_project/airflow_home/dags/model_training.py","lineno":5,"name":"<module>"}],"is_group":false,"exceptions":[]}]}
{"timestamp":"2025-09-07T10:52:03.945864Z","level":"warning","event":"Error when trying to pre-import module 'airflow.operators.python_operator' found in /home/junu6316/ml_airflow_project/airflow_home/dags/model_training.py: No module named 'airflow.operators.python_operator'","logger":"processor"}
{"timestamp":"2025-09-07T10:52:03.965092","level":"info","event":"Filling up the DagBag from /home/junu6316/ml_airflow_project/airflow_home/dags/model_training.py","logger":"airflow.models.dagbag.DagBag"}
{"timestamp":"2025-09-07T10:52:05.376918","level":"error","event":"Failed to import: /home/junu6316/ml_airflow_project/airflow_home/dags/model_training.py","logger":"airflow.models.dagbag.DagBag","error_detail":[{"exc_type":"ModuleNotFoundError","exc_value":"No module named 'airflow.operators.python_operator'","exc_notes":[],"syntax_error":null,"is_cause":false,"frames":[{"filename":"/home/junu6316/ml_airflow_project/airflow_venv/lib/python3.12/site-packages/airflow/models/dagbag.py","lineno":394,"name":"parse"},{"filename":"<frozen importlib._bootstrap_external>","lineno":995,"name":"exec_module"},{"filename":"<frozen importlib._bootstrap>","lineno":488,"name":"_call_with_frames_removed"},{"filename":"/home/junu6316/ml_airflow_project/airflow_home/dags/model_training.py","lineno":5,"name":"<module>"}],"is_group":false,"exceptions":[]}]}
{"timestamp":"2025-09-07T10:52:36.043525Z","level":"warning","event":"Error when trying to pre-import module 'airflow.operators.python_operator' found in /home/junu6316/ml_airflow_project/airflow_home/dags/model_training.py: No module named 'airflow.operators.python_operator'","logger":"processor"}
{"timestamp":"2025-09-07T10:52:36.061710","level":"info","event":"Filling up the DagBag from /home/junu6316/ml_airflow_project/airflow_home/dags/model_training.py","logger":"airflow.models.dagbag.DagBag"}
{"timestamp":"2025-09-07T10:52:37.593559","level":"error","event":"Failed to import: /home/junu6316/ml_airflow_project/airflow_home/dags/model_training.py","logger":"airflow.models.dagbag.DagBag","error_detail":[{"exc_type":"ModuleNotFoundError","exc_value":"No module named 'airflow.operators.python_operator'","exc_notes":[],"syntax_error":null,"is_cause":false,"frames":[{"filename":"/home/junu6316/ml_airflow_project/airflow_venv/lib/python3.12/site-packages/airflow/models/dagbag.py","lineno":394,"name":"parse"},{"filename":"<frozen importlib._bootstrap_external>","lineno":995,"name":"exec_module"},{"filename":"<frozen importlib._bootstrap>","lineno":488,"name":"_call_with_frames_removed"},{"filename":"/home/junu6316/ml_airflow_project/airflow_home/dags/model_training.py","lineno":5,"name":"<module>"}],"is_group":false,"exceptions":[]}]}
{"timestamp":"2025-09-07T10:53:08.016850Z","level":"warning","event":"Error when trying to pre-import module 'airflow.operators.python_operator' found in /home/junu6316/ml_airflow_project/airflow_home/dags/model_training.py: No module named 'airflow.operators.python_operator'","logger":"processor"}
{"timestamp":"2025-09-07T10:53:08.032717","level":"info","event":"Filling up the DagBag from /home/junu6316/ml_airflow_project/airflow_home/dags/model_training.py","logger":"airflow.models.dagbag.DagBag"}
{"timestamp":"2025-09-07T10:53:09.300473","level":"error","event":"Failed to import: /home/junu6316/ml_airflow_project/airflow_home/dags/model_training.py","logger":"airflow.models.dagbag.DagBag","error_detail":[{"exc_type":"ModuleNotFoundError","exc_value":"No module named 'airflow.operators.python_operator'","exc_notes":[],"syntax_error":null,"is_cause":false,"frames":[{"filename":"/home/junu6316/ml_airflow_project/airflow_venv/lib/python3.12/site-packages/airflow/models/dagbag.py","lineno":394,"name":"parse"},{"filename":"<frozen importlib._bootstrap_external>","lineno":995,"name":"exec_module"},{"filename":"<frozen importlib._bootstrap>","lineno":488,"name":"_call_with_frames_removed"},{"filename":"/home/junu6316/ml_airflow_project/airflow_home/dags/model_training.py","lineno":5,"name":"<module>"}],"is_group":false,"exceptions":[]}]}
{"timestamp":"2025-09-07T10:53:39.664507Z","level":"warning","event":"Error when trying to pre-import module 'airflow.operators.python_operator' found in /home/junu6316/ml_airflow_project/airflow_home/dags/model_training.py: No module named 'airflow.operators.python_operator'","logger":"processor"}
{"timestamp":"2025-09-07T10:53:39.678216","level":"info","event":"Filling up the DagBag from /home/junu6316/ml_airflow_project/airflow_home/dags/model_training.py","logger":"airflow.models.dagbag.DagBag"}
{"timestamp":"2025-09-07T10:53:40.936463","level":"error","event":"Failed to import: /home/junu6316/ml_airflow_project/airflow_home/dags/model_training.py","logger":"airflow.models.dagbag.DagBag","error_detail":[{"exc_type":"ModuleNotFoundError","exc_value":"No module named 'airflow.operators.python_operator'","exc_notes":[],"syntax_error":null,"is_cause":false,"frames":[{"filename":"/home/junu6316/ml_airflow_project/airflow_venv/lib/python3.12/site-packages/airflow/models/dagbag.py","lineno":394,"name":"parse"},{"filename":"<frozen importlib._bootstrap_external>","lineno":995,"name":"exec_module"},{"filename":"<frozen importlib._bootstrap>","lineno":488,"name":"_call_with_frames_removed"},{"filename":"/home/junu6316/ml_airflow_project/airflow_home/dags/model_training.py","lineno":5,"name":"<module>"}],"is_group":false,"exceptions":[]}]}
{"timestamp":"2025-09-07T10:54:11.242700Z","level":"warning","event":"Error when trying to pre-import module 'airflow.operators.python_operator' found in /home/junu6316/ml_airflow_project/airflow_home/dags/model_training.py: No module named 'airflow.operators.python_operator'","logger":"processor"}
{"timestamp":"2025-09-07T10:54:11.259967","level":"info","event":"Filling up the DagBag from /home/junu6316/ml_airflow_project/airflow_home/dags/model_training.py","logger":"airflow.models.dagbag.DagBag"}
{"timestamp":"2025-09-07T10:54:12.501156","level":"error","event":"Failed to import: /home/junu6316/ml_airflow_project/airflow_home/dags/model_training.py","logger":"airflow.models.dagbag.DagBag","error_detail":[{"exc_type":"ModuleNotFoundError","exc_value":"No module named 'airflow.operators.python_operator'","exc_notes":[],"syntax_error":null,"is_cause":false,"frames":[{"filename":"/home/junu6316/ml_airflow_project/airflow_venv/lib/python3.12/site-packages/airflow/models/dagbag.py","lineno":394,"name":"parse"},{"filename":"<frozen importlib._bootstrap_external>","lineno":995,"name":"exec_module"},{"filename":"<frozen importlib._bootstrap>","lineno":488,"name":"_call_with_frames_removed"},{"filename":"/home/junu6316/ml_airflow_project/airflow_home/dags/model_training.py","lineno":5,"name":"<module>"}],"is_group":false,"exceptions":[]}]}
{"timestamp":"2025-09-07T10:54:42.838892Z","level":"warning","event":"Error when trying to pre-import module 'airflow.operators.python_operator' found in /home/junu6316/ml_airflow_project/airflow_home/dags/model_training.py: No module named 'airflow.operators.python_operator'","logger":"processor"}
{"timestamp":"2025-09-07T10:54:42.852316","level":"info","event":"Filling up the DagBag from /home/junu6316/ml_airflow_project/airflow_home/dags/model_training.py","logger":"airflow.models.dagbag.DagBag"}
{"timestamp":"2025-09-07T10:54:44.009394","level":"error","event":"Failed to import: /home/junu6316/ml_airflow_project/airflow_home/dags/model_training.py","logger":"airflow.models.dagbag.DagBag","error_detail":[{"exc_type":"ModuleNotFoundError","exc_value":"No module named 'airflow.operators.python_operator'","exc_notes":[],"syntax_error":null,"is_cause":false,"frames":[{"filename":"/home/junu6316/ml_airflow_project/airflow_venv/lib/python3.12/site-packages/airflow/models/dagbag.py","lineno":394,"name":"parse"},{"filename":"<frozen importlib._bootstrap_external>","lineno":995,"name":"exec_module"},{"filename":"<frozen importlib._bootstrap>","lineno":488,"name":"_call_with_frames_removed"},{"filename":"/home/junu6316/ml_airflow_project/airflow_home/dags/model_training.py","lineno":5,"name":"<module>"}],"is_group":false,"exceptions":[]}]}
{"timestamp":"2025-09-07T10:55:14.345866Z","level":"warning","event":"Error when trying to pre-import module 'airflow.operators.python_operator' found in /home/junu6316/ml_airflow_project/airflow_home/dags/model_training.py: No module named 'airflow.operators.python_operator'","logger":"processor"}
{"timestamp":"2025-09-07T10:55:14.362570","level":"info","event":"Filling up the DagBag from /home/junu6316/ml_airflow_project/airflow_home/dags/model_training.py","logger":"airflow.models.dagbag.DagBag"}
{"timestamp":"2025-09-07T10:55:15.457430","level":"error","event":"Failed to import: /home/junu6316/ml_airflow_project/airflow_home/dags/model_training.py","logger":"airflow.models.dagbag.DagBag","error_detail":[{"exc_type":"ModuleNotFoundError","exc_value":"No module named 'airflow.operators.python_operator'","exc_notes":[],"syntax_error":null,"is_cause":false,"frames":[{"filename":"/home/junu6316/ml_airflow_project/airflow_venv/lib/python3.12/site-packages/airflow/models/dagbag.py","lineno":394,"name":"parse"},{"filename":"<frozen importlib._bootstrap_external>","lineno":995,"name":"exec_module"},{"filename":"<frozen importlib._bootstrap>","lineno":488,"name":"_call_with_frames_removed"},{"filename":"/home/junu6316/ml_airflow_project/airflow_home/dags/model_training.py","lineno":5,"name":"<module>"}],"is_group":false,"exceptions":[]}]}
{"timestamp":"2025-09-07T10:55:45.679496Z","level":"warning","event":"Error when trying to pre-import module 'airflow.operators.python_operator' found in /home/junu6316/ml_airflow_project/airflow_home/dags/model_training.py: No module named 'airflow.operators.python_operator'","logger":"processor"}
{"timestamp":"2025-09-07T10:55:45.694788","level":"info","event":"Filling up the DagBag from /home/junu6316/ml_airflow_project/airflow_home/dags/model_training.py","logger":"airflow.models.dagbag.DagBag"}
{"timestamp":"2025-09-07T10:55:46.845630","level":"error","event":"Failed to import: /home/junu6316/ml_airflow_project/airflow_home/dags/model_training.py","logger":"airflow.models.dagbag.DagBag","error_detail":[{"exc_type":"ModuleNotFoundError","exc_value":"No module named 'airflow.operators.python_operator'","exc_notes":[],"syntax_error":null,"is_cause":false,"frames":[{"filename":"/home/junu6316/ml_airflow_project/airflow_venv/lib/python3.12/site-packages/airflow/models/dagbag.py","lineno":394,"name":"parse"},{"filename":"<frozen importlib._bootstrap_external>","lineno":995,"name":"exec_module"},{"filename":"<frozen importlib._bootstrap>","lineno":488,"name":"_call_with_frames_removed"},{"filename":"/home/junu6316/ml_airflow_project/airflow_home/dags/model_training.py","lineno":5,"name":"<module>"}],"is_group":false,"exceptions":[]}]}
{"timestamp":"2025-09-07T10:56:17.020752Z","level":"warning","event":"Error when trying to pre-import module 'airflow.operators.python_operator' found in /home/junu6316/ml_airflow_project/airflow_home/dags/model_training.py: No module named 'airflow.operators.python_operator'","logger":"processor"}
{"timestamp":"2025-09-07T10:56:17.035174","level":"info","event":"Filling up the DagBag from /home/junu6316/ml_airflow_project/airflow_home/dags/model_training.py","logger":"airflow.models.dagbag.DagBag"}
{"timestamp":"2025-09-07T10:56:18.140239","level":"error","event":"Failed to import: /home/junu6316/ml_airflow_project/airflow_home/dags/model_training.py","logger":"airflow.models.dagbag.DagBag","error_detail":[{"exc_type":"ModuleNotFoundError","exc_value":"No module named 'airflow.operators.python_operator'","exc_notes":[],"syntax_error":null,"is_cause":false,"frames":[{"filename":"/home/junu6316/ml_airflow_project/airflow_venv/lib/python3.12/site-packages/airflow/models/dagbag.py","lineno":394,"name":"parse"},{"filename":"<frozen importlib._bootstrap_external>","lineno":995,"name":"exec_module"},{"filename":"<frozen importlib._bootstrap>","lineno":488,"name":"_call_with_frames_removed"},{"filename":"/home/junu6316/ml_airflow_project/airflow_home/dags/model_training.py","lineno":5,"name":"<module>"}],"is_group":false,"exceptions":[]}]}
{"timestamp":"2025-09-07T10:56:48.535149Z","level":"warning","event":"Error when trying to pre-import module 'airflow.operators.python_operator' found in /home/junu6316/ml_airflow_project/airflow_home/dags/model_training.py: No module named 'airflow.operators.python_operator'","logger":"processor"}
{"timestamp":"2025-09-07T10:56:48.553159","level":"info","event":"Filling up the DagBag from /home/junu6316/ml_airflow_project/airflow_home/dags/model_training.py","logger":"airflow.models.dagbag.DagBag"}
{"timestamp":"2025-09-07T10:56:49.869187","level":"error","event":"Failed to import: /home/junu6316/ml_airflow_project/airflow_home/dags/model_training.py","logger":"airflow.models.dagbag.DagBag","error_detail":[{"exc_type":"ModuleNotFoundError","exc_value":"No module named 'airflow.operators.python_operator'","exc_notes":[],"syntax_error":null,"is_cause":false,"frames":[{"filename":"/home/junu6316/ml_airflow_project/airflow_venv/lib/python3.12/site-packages/airflow/models/dagbag.py","lineno":394,"name":"parse"},{"filename":"<frozen importlib._bootstrap_external>","lineno":995,"name":"exec_module"},{"filename":"<frozen importlib._bootstrap>","lineno":488,"name":"_call_with_frames_removed"},{"filename":"/home/junu6316/ml_airflow_project/airflow_home/dags/model_training.py","lineno":5,"name":"<module>"}],"is_group":false,"exceptions":[]}]}
{"timestamp":"2025-09-07T10:57:20.442557Z","level":"warning","event":"Error when trying to pre-import module 'airflow.operators.python_operator' found in /home/junu6316/ml_airflow_project/airflow_home/dags/model_training.py: No module named 'airflow.operators.python_operator'","logger":"processor"}
{"timestamp":"2025-09-07T10:57:20.457166","level":"info","event":"Filling up the DagBag from /home/junu6316/ml_airflow_project/airflow_home/dags/model_training.py","logger":"airflow.models.dagbag.DagBag"}
{"timestamp":"2025-09-07T10:57:21.729062","level":"error","event":"Failed to import: /home/junu6316/ml_airflow_project/airflow_home/dags/model_training.py","logger":"airflow.models.dagbag.DagBag","error_detail":[{"exc_type":"ModuleNotFoundError","exc_value":"No module named 'airflow.operators.python_operator'","exc_notes":[],"syntax_error":null,"is_cause":false,"frames":[{"filename":"/home/junu6316/ml_airflow_project/airflow_venv/lib/python3.12/site-packages/airflow/models/dagbag.py","lineno":394,"name":"parse"},{"filename":"<frozen importlib._bootstrap_external>","lineno":995,"name":"exec_module"},{"filename":"<frozen importlib._bootstrap>","lineno":488,"name":"_call_with_frames_removed"},{"filename":"/home/junu6316/ml_airflow_project/airflow_home/dags/model_training.py","lineno":5,"name":"<module>"}],"is_group":false,"exceptions":[]}]}
{"timestamp":"2025-09-07T10:57:52.002327Z","level":"warning","event":"Error when trying to pre-import module 'airflow.operators.python_operator' found in /home/junu6316/ml_airflow_project/airflow_home/dags/model_training.py: No module named 'airflow.operators.python_operator'","logger":"processor"}
{"timestamp":"2025-09-07T10:57:52.016350","level":"info","event":"Filling up the DagBag from /home/junu6316/ml_airflow_project/airflow_home/dags/model_training.py","logger":"airflow.models.dagbag.DagBag"}
{"timestamp":"2025-09-07T10:57:53.190719","level":"error","event":"Failed to import: /home/junu6316/ml_airflow_project/airflow_home/dags/model_training.py","logger":"airflow.models.dagbag.DagBag","error_detail":[{"exc_type":"ModuleNotFoundError","exc_value":"No module named 'airflow.operators.python_operator'","exc_notes":[],"syntax_error":null,"is_cause":false,"frames":[{"filename":"/home/junu6316/ml_airflow_project/airflow_venv/lib/python3.12/site-packages/airflow/models/dagbag.py","lineno":394,"name":"parse"},{"filename":"<frozen importlib._bootstrap_external>","lineno":995,"name":"exec_module"},{"filename":"<frozen importlib._bootstrap>","lineno":488,"name":"_call_with_frames_removed"},{"filename":"/home/junu6316/ml_airflow_project/airflow_home/dags/model_training.py","lineno":5,"name":"<module>"}],"is_group":false,"exceptions":[]}]}
{"timestamp":"2025-09-07T10:58:23.500902Z","level":"warning","event":"Error when trying to pre-import module 'airflow.operators.python_operator' found in /home/junu6316/ml_airflow_project/airflow_home/dags/model_training.py: No module named 'airflow.operators.python_operator'","logger":"processor"}
{"timestamp":"2025-09-07T10:58:23.556887","level":"info","event":"Filling up the DagBag from /home/junu6316/ml_airflow_project/airflow_home/dags/model_training.py","logger":"airflow.models.dagbag.DagBag"}
{"timestamp":"2025-09-07T10:58:24.933177","level":"error","event":"Failed to import: /home/junu6316/ml_airflow_project/airflow_home/dags/model_training.py","logger":"airflow.models.dagbag.DagBag","error_detail":[{"exc_type":"ModuleNotFoundError","exc_value":"No module named 'airflow.operators.python_operator'","exc_notes":[],"syntax_error":null,"is_cause":false,"frames":[{"filename":"/home/junu6316/ml_airflow_project/airflow_venv/lib/python3.12/site-packages/airflow/models/dagbag.py","lineno":394,"name":"parse"},{"filename":"<frozen importlib._bootstrap_external>","lineno":995,"name":"exec_module"},{"filename":"<frozen importlib._bootstrap>","lineno":488,"name":"_call_with_frames_removed"},{"filename":"/home/junu6316/ml_airflow_project/airflow_home/dags/model_training.py","lineno":5,"name":"<module>"}],"is_group":false,"exceptions":[]}]}
{"timestamp":"2025-09-07T10:58:55.174995Z","level":"warning","event":"Error when trying to pre-import module 'airflow.operators.python_operator' found in /home/junu6316/ml_airflow_project/airflow_home/dags/model_training.py: No module named 'airflow.operators.python_operator'","logger":"processor"}
{"timestamp":"2025-09-07T10:58:55.188904","level":"info","event":"Filling up the DagBag from /home/junu6316/ml_airflow_project/airflow_home/dags/model_training.py","logger":"airflow.models.dagbag.DagBag"}
{"timestamp":"2025-09-07T10:58:56.246696","level":"error","event":"Failed to import: /home/junu6316/ml_airflow_project/airflow_home/dags/model_training.py","logger":"airflow.models.dagbag.DagBag","error_detail":[{"exc_type":"ModuleNotFoundError","exc_value":"No module named 'airflow.operators.python_operator'","exc_notes":[],"syntax_error":null,"is_cause":false,"frames":[{"filename":"/home/junu6316/ml_airflow_project/airflow_venv/lib/python3.12/site-packages/airflow/models/dagbag.py","lineno":394,"name":"parse"},{"filename":"<frozen importlib._bootstrap_external>","lineno":995,"name":"exec_module"},{"filename":"<frozen importlib._bootstrap>","lineno":488,"name":"_call_with_frames_removed"},{"filename":"/home/junu6316/ml_airflow_project/airflow_home/dags/model_training.py","lineno":5,"name":"<module>"}],"is_group":false,"exceptions":[]}]}
{"timestamp":"2025-09-07T10:59:13.447965","level":"info","event":"Filling up the DagBag from /home/junu6316/ml_airflow_project/airflow_home/dags/model_training.py","logger":"airflow.models.dagbag.DagBag"}
{"timestamp":"2025-09-07T10:59:44.715226","level":"info","event":"Filling up the DagBag from /home/junu6316/ml_airflow_project/airflow_home/dags/model_training.py","logger":"airflow.models.dagbag.DagBag"}
{"timestamp":"2025-09-07T11:00:16.426632","level":"info","event":"Filling up the DagBag from /home/junu6316/ml_airflow_project/airflow_home/dags/model_training.py","logger":"airflow.models.dagbag.DagBag"}
{"timestamp":"2025-09-07T11:02:04.632435","level":"info","event":"Filling up the DagBag from /home/junu6316/ml_airflow_project/airflow_home/dags/model_training.py","logger":"airflow.models.dagbag.DagBag"}
{"timestamp":"2025-09-07T11:02:36.732448","level":"info","event":"Filling up the DagBag from /home/junu6316/ml_airflow_project/airflow_home/dags/model_training.py","logger":"airflow.models.dagbag.DagBag"}
{"timestamp":"2025-09-07T11:03:08.536511","level":"info","event":"Filling up the DagBag from /home/junu6316/ml_airflow_project/airflow_home/dags/model_training.py","logger":"airflow.models.dagbag.DagBag"}
{"timestamp":"2025-09-07T11:03:40.350970","level":"info","event":"Filling up the DagBag from /home/junu6316/ml_airflow_project/airflow_home/dags/model_training.py","logger":"airflow.models.dagbag.DagBag"}
{"timestamp":"2025-09-07T11:04:12.094007","level":"info","event":"Filling up the DagBag from /home/junu6316/ml_airflow_project/airflow_home/dags/model_training.py","logger":"airflow.models.dagbag.DagBag"}
{"timestamp":"2025-09-07T11:04:43.741792","level":"info","event":"Filling up the DagBag from /home/junu6316/ml_airflow_project/airflow_home/dags/model_training.py","logger":"airflow.models.dagbag.DagBag"}
{"timestamp":"2025-09-07T11:05:14.999370","level":"info","event":"Filling up the DagBag from /home/junu6316/ml_airflow_project/airflow_home/dags/model_training.py","logger":"airflow.models.dagbag.DagBag"}
{"timestamp":"2025-09-07T11:05:20.181418","level":"info","event":"Filling up the DagBag from /home/junu6316/ml_airflow_project/airflow_home/dags/model_training.py","logger":"airflow.models.dagbag.DagBag"}
{"timestamp":"2025-09-07T11:05:51.872222","level":"info","event":"Filling up the DagBag from /home/junu6316/ml_airflow_project/airflow_home/dags/model_training.py","logger":"airflow.models.dagbag.DagBag"}
{"timestamp":"2025-09-07T11:06:23.567847","level":"info","event":"Filling up the DagBag from /home/junu6316/ml_airflow_project/airflow_home/dags/model_training.py","logger":"airflow.models.dagbag.DagBag"}
{"timestamp":"2025-09-07T11:06:54.903715","level":"info","event":"Filling up the DagBag from /home/junu6316/ml_airflow_project/airflow_home/dags/model_training.py","logger":"airflow.models.dagbag.DagBag"}
{"timestamp":"2025-09-07T11:07:26.407450","level":"info","event":"Filling up the DagBag from /home/junu6316/ml_airflow_project/airflow_home/dags/model_training.py","logger":"airflow.models.dagbag.DagBag"}
{"timestamp":"2025-09-07T11:07:57.964213","level":"info","event":"Filling up the DagBag from /home/junu6316/ml_airflow_project/airflow_home/dags/model_training.py","logger":"airflow.models.dagbag.DagBag"}
{"timestamp":"2025-09-07T11:08:29.528146","level":"info","event":"Filling up the DagBag from /home/junu6316/ml_airflow_project/airflow_home/dags/model_training.py","logger":"airflow.models.dagbag.DagBag"}
{"timestamp":"2025-09-07T11:09:01.161979","level":"info","event":"Filling up the DagBag from /home/junu6316/ml_airflow_project/airflow_home/dags/model_training.py","logger":"airflow.models.dagbag.DagBag"}
{"timestamp":"2025-09-07T11:09:32.868038","level":"info","event":"Filling up the DagBag from /home/junu6316/ml_airflow_project/airflow_home/dags/model_training.py","logger":"airflow.models.dagbag.DagBag"}
{"timestamp":"2025-09-07T11:10:04.472281","level":"info","event":"Filling up the DagBag from /home/junu6316/ml_airflow_project/airflow_home/dags/model_training.py","logger":"airflow.models.dagbag.DagBag"}
{"timestamp":"2025-09-07T11:10:36.396388","level":"info","event":"Filling up the DagBag from /home/junu6316/ml_airflow_project/airflow_home/dags/model_training.py","logger":"airflow.models.dagbag.DagBag"}
{"timestamp":"2025-09-07T11:11:07.797963","level":"info","event":"Filling up the DagBag from /home/junu6316/ml_airflow_project/airflow_home/dags/model_training.py","logger":"airflow.models.dagbag.DagBag"}
{"timestamp":"2025-09-07T11:11:40.283013","level":"info","event":"Filling up the DagBag from /home/junu6316/ml_airflow_project/airflow_home/dags/model_training.py","logger":"airflow.models.dagbag.DagBag"}
{"timestamp":"2025-09-07T11:12:12.393455","level":"info","event":"Filling up the DagBag from /home/junu6316/ml_airflow_project/airflow_home/dags/model_training.py","logger":"airflow.models.dagbag.DagBag"}
{"timestamp":"2025-09-07T11:12:44.159975","level":"info","event":"Filling up the DagBag from /home/junu6316/ml_airflow_project/airflow_home/dags/model_training.py","logger":"airflow.models.dagbag.DagBag"}
{"timestamp":"2025-09-07T11:13:15.454986","level":"info","event":"Filling up the DagBag from /home/junu6316/ml_airflow_project/airflow_home/dags/model_training.py","logger":"airflow.models.dagbag.DagBag"}
{"timestamp":"2025-09-07T11:13:47.180017","level":"info","event":"Filling up the DagBag from /home/junu6316/ml_airflow_project/airflow_home/dags/model_training.py","logger":"airflow.models.dagbag.DagBag"}
{"timestamp":"2025-09-07T11:14:18.505339","level":"info","event":"Filling up the DagBag from /home/junu6316/ml_airflow_project/airflow_home/dags/model_training.py","logger":"airflow.models.dagbag.DagBag"}
{"timestamp":"2025-09-07T11:14:31.948515","level":"info","event":"Filling up the DagBag from /home/junu6316/ml_airflow_project/airflow_home/dags/model_training.py","logger":"airflow.models.dagbag.DagBag"}
{"timestamp":"2025-09-07T11:15:04.048663","level":"info","event":"Filling up the DagBag from /home/junu6316/ml_airflow_project/airflow_home/dags/model_training.py","logger":"airflow.models.dagbag.DagBag"}
{"timestamp":"2025-09-07T11:15:35.524340","level":"info","event":"Filling up the DagBag from /home/junu6316/ml_airflow_project/airflow_home/dags/model_training.py","logger":"airflow.models.dagbag.DagBag"}
{"timestamp":"2025-09-07T11:16:06.996401","level":"info","event":"Filling up the DagBag from /home/junu6316/ml_airflow_project/airflow_home/dags/model_training.py","logger":"airflow.models.dagbag.DagBag"}
{"timestamp":"2025-09-07T11:16:38.352380","level":"info","event":"Filling up the DagBag from /home/junu6316/ml_airflow_project/airflow_home/dags/model_training.py","logger":"airflow.models.dagbag.DagBag"}
{"timestamp":"2025-09-07T11:17:25.127114","level":"info","event":"Filling up the DagBag from /home/junu6316/ml_airflow_project/airflow_home/dags/model_training.py","logger":"airflow.models.dagbag.DagBag"}
{"timestamp":"2025-09-07T11:17:57.253285","level":"info","event":"Filling up the DagBag from /home/junu6316/ml_airflow_project/airflow_home/dags/model_training.py","logger":"airflow.models.dagbag.DagBag"}
{"timestamp":"2025-09-07T11:18:23.589851","level":"info","event":"Filling up the DagBag from /home/junu6316/ml_airflow_project/airflow_home/dags/model_training.py","logger":"airflow.models.dagbag.DagBag"}
{"timestamp":"2025-09-07T11:18:55.680339","level":"info","event":"Filling up the DagBag from /home/junu6316/ml_airflow_project/airflow_home/dags/model_training.py","logger":"airflow.models.dagbag.DagBag"}
{"timestamp":"2025-09-07T11:20:23.132290","level":"info","event":"Filling up the DagBag from /home/junu6316/ml_airflow_project/airflow_home/dags/model_training.py","logger":"airflow.models.dagbag.DagBag"}
{"timestamp":"2025-09-07T11:20:55.079030","level":"info","event":"Filling up the DagBag from /home/junu6316/ml_airflow_project/airflow_home/dags/model_training.py","logger":"airflow.models.dagbag.DagBag"}
{"timestamp":"2025-09-07T11:21:27.046355","level":"info","event":"Filling up the DagBag from /home/junu6316/ml_airflow_project/airflow_home/dags/model_training.py","logger":"airflow.models.dagbag.DagBag"}
{"timestamp":"2025-09-07T11:21:59.134437","level":"info","event":"Filling up the DagBag from /home/junu6316/ml_airflow_project/airflow_home/dags/model_training.py","logger":"airflow.models.dagbag.DagBag"}
{"timestamp":"2025-09-07T11:22:31.616866","level":"info","event":"Filling up the DagBag from /home/junu6316/ml_airflow_project/airflow_home/dags/model_training.py","logger":"airflow.models.dagbag.DagBag"}
{"timestamp":"2025-09-07T11:23:03.223798","level":"info","event":"Filling up the DagBag from /home/junu6316/ml_airflow_project/airflow_home/dags/model_training.py","logger":"airflow.models.dagbag.DagBag"}
{"timestamp":"2025-09-07T11:23:35.123438","level":"info","event":"Filling up the DagBag from /home/junu6316/ml_airflow_project/airflow_home/dags/model_training.py","logger":"airflow.models.dagbag.DagBag"}
{"timestamp":"2025-09-07T11:24:07.289407","level":"info","event":"Filling up the DagBag from /home/junu6316/ml_airflow_project/airflow_home/dags/model_training.py","logger":"airflow.models.dagbag.DagBag"}
{"timestamp":"2025-09-07T11:24:38.737304","level":"info","event":"Filling up the DagBag from /home/junu6316/ml_airflow_project/airflow_home/dags/model_training.py","logger":"airflow.models.dagbag.DagBag"}
{"timestamp":"2025-09-07T11:25:09.875916","level":"info","event":"Filling up the DagBag from /home/junu6316/ml_airflow_project/airflow_home/dags/model_training.py","logger":"airflow.models.dagbag.DagBag"}
{"timestamp":"2025-09-07T11:25:41.244183","level":"info","event":"Filling up the DagBag from /home/junu6316/ml_airflow_project/airflow_home/dags/model_training.py","logger":"airflow.models.dagbag.DagBag"}
{"timestamp":"2025-09-07T11:26:34.606318","level":"info","event":"Filling up the DagBag from /home/junu6316/ml_airflow_project/airflow_home/dags/model_training.py","logger":"airflow.models.dagbag.DagBag"}
{"timestamp":"2025-09-07T11:27:06.088862","level":"info","event":"Filling up the DagBag from /home/junu6316/ml_airflow_project/airflow_home/dags/model_training.py","logger":"airflow.models.dagbag.DagBag"}
{"timestamp":"2025-09-07T11:27:37.442631","level":"info","event":"Filling up the DagBag from /home/junu6316/ml_airflow_project/airflow_home/dags/model_training.py","logger":"airflow.models.dagbag.DagBag"}
{"timestamp":"2025-09-07T11:28:09.272434","level":"info","event":"Filling up the DagBag from /home/junu6316/ml_airflow_project/airflow_home/dags/model_training.py","logger":"airflow.models.dagbag.DagBag"}
{"timestamp":"2025-09-07T11:28:40.811427","level":"info","event":"Filling up the DagBag from /home/junu6316/ml_airflow_project/airflow_home/dags/model_training.py","logger":"airflow.models.dagbag.DagBag"}
{"timestamp":"2025-09-07T11:29:12.150036","level":"info","event":"Filling up the DagBag from /home/junu6316/ml_airflow_project/airflow_home/dags/model_training.py","logger":"airflow.models.dagbag.DagBag"}
{"timestamp":"2025-09-07T11:29:43.632904","level":"info","event":"Filling up the DagBag from /home/junu6316/ml_airflow_project/airflow_home/dags/model_training.py","logger":"airflow.models.dagbag.DagBag"}
{"timestamp":"2025-09-07T11:30:15.181904","level":"info","event":"Filling up the DagBag from /home/junu6316/ml_airflow_project/airflow_home/dags/model_training.py","logger":"airflow.models.dagbag.DagBag"}
{"timestamp":"2025-09-07T11:30:46.928293","level":"info","event":"Filling up the DagBag from /home/junu6316/ml_airflow_project/airflow_home/dags/model_training.py","logger":"airflow.models.dagbag.DagBag"}
{"timestamp":"2025-09-07T11:31:18.397325","level":"info","event":"Filling up the DagBag from /home/junu6316/ml_airflow_project/airflow_home/dags/model_training.py","logger":"airflow.models.dagbag.DagBag"}
{"timestamp":"2025-09-07T11:31:49.783617","level":"info","event":"Filling up the DagBag from /home/junu6316/ml_airflow_project/airflow_home/dags/model_training.py","logger":"airflow.models.dagbag.DagBag"}
{"timestamp":"2025-09-07T11:32:21.123513","level":"info","event":"Filling up the DagBag from /home/junu6316/ml_airflow_project/airflow_home/dags/model_training.py","logger":"airflow.models.dagbag.DagBag"}
{"timestamp":"2025-09-07T11:32:52.643814","level":"info","event":"Filling up the DagBag from /home/junu6316/ml_airflow_project/airflow_home/dags/model_training.py","logger":"airflow.models.dagbag.DagBag"}
{"timestamp":"2025-09-07T11:33:24.032627","level":"info","event":"Filling up the DagBag from /home/junu6316/ml_airflow_project/airflow_home/dags/model_training.py","logger":"airflow.models.dagbag.DagBag"}
{"timestamp":"2025-09-07T11:33:55.364817","level":"info","event":"Filling up the DagBag from /home/junu6316/ml_airflow_project/airflow_home/dags/model_training.py","logger":"airflow.models.dagbag.DagBag"}
{"timestamp":"2025-09-07T11:34:26.793929","level":"info","event":"Filling up the DagBag from /home/junu6316/ml_airflow_project/airflow_home/dags/model_training.py","logger":"airflow.models.dagbag.DagBag"}
{"timestamp":"2025-09-07T11:34:58.389975","level":"info","event":"Filling up the DagBag from /home/junu6316/ml_airflow_project/airflow_home/dags/model_training.py","logger":"airflow.models.dagbag.DagBag"}
{"timestamp":"2025-09-07T11:35:30.088934","level":"info","event":"Filling up the DagBag from /home/junu6316/ml_airflow_project/airflow_home/dags/model_training.py","logger":"airflow.models.dagbag.DagBag"}
{"timestamp":"2025-09-07T11:36:01.633253","level":"info","event":"Filling up the DagBag from /home/junu6316/ml_airflow_project/airflow_home/dags/model_training.py","logger":"airflow.models.dagbag.DagBag"}
{"timestamp":"2025-09-07T11:36:33.139977","level":"info","event":"Filling up the DagBag from /home/junu6316/ml_airflow_project/airflow_home/dags/model_training.py","logger":"airflow.models.dagbag.DagBag"}
{"timestamp":"2025-09-07T11:37:04.629814","level":"info","event":"Filling up the DagBag from /home/junu6316/ml_airflow_project/airflow_home/dags/model_training.py","logger":"airflow.models.dagbag.DagBag"}
{"timestamp":"2025-09-07T11:37:36.094402","level":"info","event":"Filling up the DagBag from /home/junu6316/ml_airflow_project/airflow_home/dags/model_training.py","logger":"airflow.models.dagbag.DagBag"}
{"timestamp":"2025-09-07T11:38:07.935684","level":"info","event":"Filling up the DagBag from /home/junu6316/ml_airflow_project/airflow_home/dags/model_training.py","logger":"airflow.models.dagbag.DagBag"}
{"timestamp":"2025-09-07T11:38:39.858658","level":"info","event":"Filling up the DagBag from /home/junu6316/ml_airflow_project/airflow_home/dags/model_training.py","logger":"airflow.models.dagbag.DagBag"}
{"timestamp":"2025-09-07T11:38:52.627818","level":"info","event":"Filling up the DagBag from /home/junu6316/ml_airflow_project/airflow_home/dags/model_training.py","logger":"airflow.models.dagbag.DagBag"}
{"timestamp":"2025-09-07T11:38:52.628444","level":"info","event":"File /home/junu6316/ml_airflow_project/airflow_home/dags/model_training.py assumed to contain no DAGs. Skipping.","logger":"airflow.models.dagbag.DagBag"}
{"timestamp":"2025-09-07T11:39:23.401252","level":"info","event":"Filling up the DagBag from /home/junu6316/ml_airflow_project/airflow_home/dags/model_training.py","logger":"airflow.models.dagbag.DagBag"}
{"timestamp":"2025-09-07T11:39:23.401838","level":"info","event":"File /home/junu6316/ml_airflow_project/airflow_home/dags/model_training.py assumed to contain no DAGs. Skipping.","logger":"airflow.models.dagbag.DagBag"}
{"timestamp":"2025-09-07T11:39:54.018960","level":"info","event":"Filling up the DagBag from /home/junu6316/ml_airflow_project/airflow_home/dags/model_training.py","logger":"airflow.models.dagbag.DagBag"}
{"timestamp":"2025-09-07T11:39:54.019567","level":"info","event":"File /home/junu6316/ml_airflow_project/airflow_home/dags/model_training.py assumed to contain no DAGs. Skipping.","logger":"airflow.models.dagbag.DagBag"}
{"timestamp":"2025-09-07T11:40:24.532666","level":"info","event":"Filling up the DagBag from /home/junu6316/ml_airflow_project/airflow_home/dags/model_training.py","logger":"airflow.models.dagbag.DagBag"}
{"timestamp":"2025-09-07T11:40:24.533298","level":"info","event":"File /home/junu6316/ml_airflow_project/airflow_home/dags/model_training.py assumed to contain no DAGs. Skipping.","logger":"airflow.models.dagbag.DagBag"}
{"timestamp":"2025-09-07T11:40:55.240749","level":"info","event":"Filling up the DagBag from /home/junu6316/ml_airflow_project/airflow_home/dags/model_training.py","logger":"airflow.models.dagbag.DagBag"}
{"timestamp":"2025-09-07T11:40:55.241687","level":"info","event":"File /home/junu6316/ml_airflow_project/airflow_home/dags/model_training.py assumed to contain no DAGs. Skipping.","logger":"airflow.models.dagbag.DagBag"}
{"timestamp":"2025-09-07T11:41:25.777271","level":"info","event":"Filling up the DagBag from /home/junu6316/ml_airflow_project/airflow_home/dags/model_training.py","logger":"airflow.models.dagbag.DagBag"}
{"timestamp":"2025-09-07T11:41:25.777781","level":"info","event":"File /home/junu6316/ml_airflow_project/airflow_home/dags/model_training.py assumed to contain no DAGs. Skipping.","logger":"airflow.models.dagbag.DagBag"}
